{
"contracts\\contractDEX.sol":{"l":{"19":14,"20":14,"21":13,"22":13,"26":9,"28":9,"29":1,"32":8,"33":8,"35":8,"36":8,"38":8,"42":1,"44":1,"45":1,"47":1,"48":1,"50":1,"54":2,"55":2,"57":1,"59":1,"60":1,"62":1,"63":1,"65":1,"66":1,"70":1,"71":1,"73":1,"75":1,"76":1,"78":1,"79":1,"81":1,"82":1,"86":4,"87":3,"88":1,"90":1,"92":1},"path":"C:\\projetos_node\\project_module_4\\contracts\\contractDEX.sol","s":{"1":14,"2":14,"3":9,"4":9,"5":1,"6":8,"7":8,"8":8,"9":1,"10":1,"11":1,"12":1,"13":2,"14":2,"15":1,"16":1,"17":1,"18":1,"19":1,"20":1,"21":1,"22":1,"23":1,"24":1,"25":1,"26":1,"27":4,"28":3,"29":1,"30":2,"31":1,"32":1},"b":{"1":[14,0],"2":[13,1],"3":[9,1],"4":[9,0],"5":[1,8],"6":[0,1],"7":[1,0],"8":[1,0],"9":[2,0],"10":[1,1],"11":[1,0],"12":[1,0],"13":[1,0],"14":[1,0],"15":[3,1],"16":[1,2],"17":[1,1]},"f":{"1":14,"2":9,"3":1,"4":2,"5":1,"6":4},"fnMap":{"1":{"name":"constructor","line":18,"loc":{"start":{"line":18,"column":4},"end":{"line":23,"column":4}}},"2":{"name":"addLiquidity","line":25,"loc":{"start":{"line":25,"column":4},"end":{"line":39,"column":4}}},"3":{"name":"removeLiquidity","line":41,"loc":{"start":{"line":41,"column":4},"end":{"line":51,"column":4}}},"4":{"name":"swapAforB","line":53,"loc":{"start":{"line":53,"column":4},"end":{"line":67,"column":4}}},"5":{"name":"swapBforA","line":69,"loc":{"start":{"line":69,"column":4},"end":{"line":83,"column":4}}},"6":{"name":"getPrice","line":85,"loc":{"start":{"line":85,"column":4},"end":{"line":94,"column":4}}}},"statementMap":{"1":{"start":{"line":19,"column":8},"end":{"line":19,"column":96}},"2":{"start":{"line":20,"column":8},"end":{"line":20,"column":71}},"3":{"start":{"line":26,"column":8},"end":{"line":26,"column":80}},"4":{"start":{"line":28,"column":8},"end":{"line":28,"column":1164}},"5":{"start":{"line":29,"column":12},"end":{"line":29,"column":84}},"6":{"start":{"line":32,"column":8},"end":{"line":32,"column":62}},"7":{"start":{"line":33,"column":8},"end":{"line":33,"column":62}},"8":{"start":{"line":38,"column":8},"end":{"line":38,"column":57}},"9":{"start":{"line":42,"column":8},"end":{"line":42,"column":84}},"10":{"start":{"line":47,"column":8},"end":{"line":47,"column":43}},"11":{"start":{"line":48,"column":8},"end":{"line":48,"column":43}},"12":{"start":{"line":50,"column":8},"end":{"line":50,"column":59}},"13":{"start":{"line":54,"column":8},"end":{"line":54,"column":62}},"14":{"start":{"line":55,"column":8},"end":{"line":55,"column":68}},"15":{"start":{"line":57,"column":8},"end":{"line":57,"column":64}},"16":{"start":{"line":59,"column":8},"end":{"line":59,"column":76}},"17":{"start":{"line":60,"column":8},"end":{"line":60,"column":61}},"18":{"start":{"line":65,"column":8},"end":{"line":65,"column":46}},"19":{"start":{"line":66,"column":8},"end":{"line":66,"column":89}},"20":{"start":{"line":70,"column":8},"end":{"line":70,"column":62}},"21":{"start":{"line":71,"column":8},"end":{"line":71,"column":68}},"22":{"start":{"line":73,"column":8},"end":{"line":73,"column":64}},"23":{"start":{"line":75,"column":8},"end":{"line":75,"column":76}},"24":{"start":{"line":76,"column":8},"end":{"line":76,"column":61}},"25":{"start":{"line":81,"column":8},"end":{"line":81,"column":46}},"26":{"start":{"line":82,"column":8},"end":{"line":82,"column":89}},"27":{"start":{"line":86,"column":8},"end":{"line":86,"column":60}},"28":{"start":{"line":87,"column":8},"end":{"line":87,"column":3364}},"29":{"start":{"line":88,"column":12},"end":{"line":88,"column":47}},"30":{"start":{"line":89,"column":15},"end":{"line":89,"column":3463}},"31":{"start":{"line":90,"column":12},"end":{"line":90,"column":47}},"32":{"start":{"line":92,"column":12},"end":{"line":92,"column":42}}},"branchMap":{"1":{"line":19,"type":"if","locations":[{"start":{"line":19,"column":8},"end":{"line":19,"column":8}},{"start":{"line":19,"column":8},"end":{"line":19,"column":8}}]},"2":{"line":20,"type":"if","locations":[{"start":{"line":20,"column":8},"end":{"line":20,"column":8}},{"start":{"line":20,"column":8},"end":{"line":20,"column":8}}]},"3":{"line":25,"type":"if","locations":[{"start":{"line":25,"column":67},"end":{"line":25,"column":67}},{"start":{"line":25,"column":67},"end":{"line":25,"column":67}}]},"4":{"line":26,"type":"if","locations":[{"start":{"line":26,"column":8},"end":{"line":26,"column":8}},{"start":{"line":26,"column":8},"end":{"line":26,"column":8}}]},"5":{"line":28,"type":"if","locations":[{"start":{"line":28,"column":8},"end":{"line":28,"column":8}},{"start":{"line":28,"column":8},"end":{"line":28,"column":8}}]},"6":{"line":29,"type":"if","locations":[{"start":{"line":29,"column":12},"end":{"line":29,"column":12}},{"start":{"line":29,"column":12},"end":{"line":29,"column":12}}]},"7":{"line":41,"type":"if","locations":[{"start":{"line":41,"column":70},"end":{"line":41,"column":70}},{"start":{"line":41,"column":70},"end":{"line":41,"column":70}}]},"8":{"line":42,"type":"if","locations":[{"start":{"line":42,"column":8},"end":{"line":42,"column":8}},{"start":{"line":42,"column":8},"end":{"line":42,"column":8}}]},"9":{"line":54,"type":"if","locations":[{"start":{"line":54,"column":8},"end":{"line":54,"column":8}},{"start":{"line":54,"column":8},"end":{"line":54,"column":8}}]},"10":{"line":55,"type":"if","locations":[{"start":{"line":55,"column":8},"end":{"line":55,"column":8}},{"start":{"line":55,"column":8},"end":{"line":55,"column":8}}]},"11":{"line":60,"type":"if","locations":[{"start":{"line":60,"column":8},"end":{"line":60,"column":8}},{"start":{"line":60,"column":8},"end":{"line":60,"column":8}}]},"12":{"line":70,"type":"if","locations":[{"start":{"line":70,"column":8},"end":{"line":70,"column":8}},{"start":{"line":70,"column":8},"end":{"line":70,"column":8}}]},"13":{"line":71,"type":"if","locations":[{"start":{"line":71,"column":8},"end":{"line":71,"column":8}},{"start":{"line":71,"column":8},"end":{"line":71,"column":8}}]},"14":{"line":76,"type":"if","locations":[{"start":{"line":76,"column":8},"end":{"line":76,"column":8}},{"start":{"line":76,"column":8},"end":{"line":76,"column":8}}]},"15":{"line":86,"type":"if","locations":[{"start":{"line":86,"column":8},"end":{"line":86,"column":8}},{"start":{"line":86,"column":8},"end":{"line":86,"column":8}}]},"16":{"line":87,"type":"if","locations":[{"start":{"line":87,"column":8},"end":{"line":87,"column":8}},{"start":{"line":87,"column":8},"end":{"line":87,"column":8}}]},"17":{"line":89,"type":"if","locations":[{"start":{"line":89,"column":15},"end":{"line":89,"column":15}},{"start":{"line":89,"column":15},"end":{"line":89,"column":15}}]}}},
"contracts\\MockERC20.sol":{"l":{"9":24},"path":"C:\\projetos_node\\project_module_4\\contracts\\MockERC20.sol","s":{"1":24},"b":{},"f":{"1":24},"fnMap":{"1":{"name":"constructor","line":8,"loc":{"start":{"line":8,"column":4},"end":{"line":10,"column":4}}}},"statementMap":{"1":{"start":{"line":9,"column":8},"end":{"line":9,"column":39}}},"branchMap":{}}}
