TN:
SF:C:\projetos_node\project_module_4\contracts\contractDEX.sol
FN:18,constructor
FN:25,addLiquidity
FN:41,removeLiquidity
FN:53,swapAforB
FN:69,swapBforA
FN:85,getPrice
FNF:6
FNH:6
FNDA:14,constructor
FNDA:9,addLiquidity
FNDA:1,removeLiquidity
FNDA:2,swapAforB
FNDA:1,swapBforA
FNDA:4,getPrice
DA:19,14
DA:20,14
DA:21,13
DA:22,13
DA:26,9
DA:28,9
DA:29,1
DA:32,8
DA:33,8
DA:35,8
DA:36,8
DA:38,8
DA:42,1
DA:44,1
DA:45,1
DA:47,1
DA:48,1
DA:50,1
DA:54,2
DA:55,2
DA:57,1
DA:59,1
DA:60,1
DA:62,1
DA:63,1
DA:65,1
DA:66,1
DA:70,1
DA:71,1
DA:73,1
DA:75,1
DA:76,1
DA:78,1
DA:79,1
DA:81,1
DA:82,1
DA:86,4
DA:87,3
DA:88,1
DA:90,1
DA:92,1
LF:41
LH:41
BRDA:19,1,0,14
BRDA:19,1,1,0
BRDA:20,2,0,13
BRDA:20,2,1,1
BRDA:25,3,0,9
BRDA:25,3,1,1
BRDA:26,4,0,9
BRDA:26,4,1,0
BRDA:28,5,0,1
BRDA:28,5,1,8
BRDA:29,6,0,0
BRDA:29,6,1,1
BRDA:41,7,0,1
BRDA:41,7,1,0
BRDA:42,8,0,1
BRDA:42,8,1,0
BRDA:54,9,0,2
BRDA:54,9,1,0
BRDA:55,10,0,1
BRDA:55,10,1,1
BRDA:60,11,0,1
BRDA:60,11,1,0
BRDA:70,12,0,1
BRDA:70,12,1,0
BRDA:71,13,0,1
BRDA:71,13,1,0
BRDA:76,14,0,1
BRDA:76,14,1,0
BRDA:86,15,0,3
BRDA:86,15,1,1
BRDA:87,16,0,1
BRDA:87,16,1,2
BRDA:89,17,0,1
BRDA:89,17,1,1
BRF:34
BRH:24
end_of_record
TN:
SF:C:\projetos_node\project_module_4\contracts\MockERC20.sol
FN:8,constructor
FNF:1
FNH:1
FNDA:24,constructor
DA:9,24
LF:1
LH:1
BRF:0
BRH:0
end_of_record
